RXSDK/RXSDK-Demo/RXSDKDemo-Android/app-os/build/intermediates/manifest_merge_blame_file/debug/manifest-merger-blame-debug-report.txt
1<?xml version="1.0" encoding="utf-8"?>
2<manifest xmlns:android="http://schemas.android.com/apk/res/android"
3    package="com.ruixue.rxsdkdemo.overseas"
4    android:versionCode="1"
5    android:versionName="1.0.0" >
6
7    <uses-sdk
8        android:minSdkVersion="21"
8-->src/main/AndroidManifest.xml
9        android:targetSdkVersion="34" />
9-->src/main/AndroidManifest.xml
10
11    <uses-permission android:name="android.permission.INTERNET" />
11-->src/main/AndroidManifest.xml:5:5-67
11-->src/main/AndroidManifest.xml:5:22-64
12
13    <!-- Android 11+ 需要声明要查询的包名 -->
14    <queries>
14-->src/main/AndroidManifest.xml:8:5-10:15
15        <package android:name="com.ruixue.rxsdkdemo" />
15-->src/main/AndroidManifest.xml:9:9-56
15-->src/main/AndroidManifest.xml:9:18-53
16        <package android:name="jp.naver.line.android" />
16-->[com.ruixue:rxsdk_overseas:3.7.36-beta1] AndroidManifest.xml:10:9-57
16-->[com.ruixue:rxsdk_overseas:3.7.36-beta1] AndroidManifest.xml:10:18-54
17        <package android:name="com.twitter.android" />
17-->[com.ruixue:rxsdk_overseas:3.7.36-beta1] AndroidManifest.xml:11:9-55
17-->[com.ruixue:rxsdk_overseas:3.7.36-beta1] AndroidManifest.xml:11:18-52
18        <package android:name="com.whatsapp" />
18-->[com.ruixue:rxsdk_overseas:3.7.36-beta1] AndroidManifest.xml:12:9-48
18-->[com.ruixue:rxsdk_overseas:3.7.36-beta1] AndroidManifest.xml:12:18-45
19        <package android:name="com.google.android.youtube" />
19-->[com.ruixue:rxsdk_overseas:3.7.36-beta1] AndroidManifest.xml:13:9-62
19-->[com.ruixue:rxsdk_overseas:3.7.36-beta1] AndroidManifest.xml:13:18-59
20
21        <provider android:authorities="com.facebook.katana.provider.PlatformProvider" /> <!-- allows app to access Facebook app features -->
21-->[com.ruixue:rxsdk_facebook:3.7.36-beta1] AndroidManifest.xml:13:9-89
21-->[com.ruixue:rxsdk_facebook:3.7.36-beta1] AndroidManifest.xml:13:19-86
22        <provider android:authorities="com.facebook.orca.provider.PlatformProvider" /> <!-- allows sharing to Messenger app -->
22-->[com.ruixue:rxsdk_facebook:3.7.36-beta1] AndroidManifest.xml:13:9-89
22-->[com.ruixue:rxsdk_facebook:3.7.36-beta1] AndroidManifest.xml:13:19-86
23        <package android:name="com.facebook.katana" /> <!-- google -->
23-->[com.ruixue:rxsdk_facebook:3.7.36-beta1] AndroidManifest.xml:15:9-55
23-->[com.ruixue:rxsdk_facebook:3.7.36-beta1] AndroidManifest.xml:15:18-52
24        <package android:name="com.google.android.gms" />
24-->[com.ruixue:rxsdk_base:3.7.36-beta1] AndroidManifest.xml:20:9-58
24-->[com.ruixue:rxsdk_base:3.7.36-beta1] AndroidManifest.xml:20:18-55
25        <package android:name="com.android.vending" /> <!-- freeme -->
25-->[com.ruixue:rxsdk_base:3.7.36-beta1] AndroidManifest.xml:21:9-55
25-->[com.ruixue:rxsdk_base:3.7.36-beta1] AndroidManifest.xml:21:18-52
26        <package android:name="com.android.creator" /> <!-- zte -->
26-->[com.ruixue:rxsdk_base:3.7.36-beta1] AndroidManifest.xml:23:9-55
26-->[com.ruixue:rxsdk_base:3.7.36-beta1] AndroidManifest.xml:23:18-52
27        <package android:name="com.mdid.msa" /> <!-- samsung -->
27-->[com.ruixue:rxsdk_base:3.7.36-beta1] AndroidManifest.xml:25:9-48
27-->[com.ruixue:rxsdk_base:3.7.36-beta1] AndroidManifest.xml:25:18-45
28        <package android:name="com.samsung.android.deviceidservice" /> <!-- coolpad -->
28-->[com.ruixue:rxsdk_base:3.7.36-beta1] AndroidManifest.xml:27:9-71
28-->[com.ruixue:rxsdk_base:3.7.36-beta1] AndroidManifest.xml:27:18-68
29        <package android:name="com.coolpad.deviceidsupport" /> <!-- oppo -->
29-->[com.ruixue:rxsdk_base:3.7.36-beta1] AndroidManifest.xml:29:9-63
29-->[com.ruixue:rxsdk_base:3.7.36-beta1] AndroidManifest.xml:29:18-60
30        <package android:name="com.heytap.openid" /> <!-- huawei -->
30-->[com.ruixue:rxsdk_base:3.7.36-beta1] AndroidManifest.xml:31:9-53
30-->[com.ruixue:rxsdk_base:3.7.36-beta1] AndroidManifest.xml:31:18-50
31        <package android:name="com.huawei.hwid" />
31-->[com.ruixue:rxsdk_base:3.7.36-beta1] AndroidManifest.xml:33:9-51
31-->[com.ruixue:rxsdk_base:3.7.36-beta1] AndroidManifest.xml:33:18-48
32        <package android:name="com.huawei.hwid.tv" />
32-->[com.ruixue:rxsdk_base:3.7.36-beta1] AndroidManifest.xml:34:9-54
32-->[com.ruixue:rxsdk_base:3.7.36-beta1] AndroidManifest.xml:34:18-51
33        <package android:name="com.huawei.hms" /> <!-- asus -->
33-->[com.ruixue:rxsdk_base:3.7.36-beta1] AndroidManifest.xml:35:9-50
33-->[com.ruixue:rxsdk_base:3.7.36-beta1] AndroidManifest.xml:35:18-47
34        <package android:name="com.asus.msa.SupplementaryDID" /> <!-- lenovo -->
34-->[com.ruixue:rxsdk_base:3.7.36-beta1] AndroidManifest.xml:37:9-65
34-->[com.ruixue:rxsdk_base:3.7.36-beta1] AndroidManifest.xml:37:18-62
35        <package android:name="com.zui.deviceidservice" />
35-->[com.ruixue:rxsdk_base:3.7.36-beta1] AndroidManifest.xml:39:9-59
35-->[com.ruixue:rxsdk_base:3.7.36-beta1] AndroidManifest.xml:39:18-56
36
37        <intent>
37-->[com.android.billingclient:billing:7.0.0] AndroidManifest.xml:13:9-15:18
38            <action android:name="com.android.vending.billing.InAppBillingService.BIND" />
38-->[com.android.billingclient:billing:7.0.0] AndroidManifest.xml:14:13-91
38-->[com.android.billingclient:billing:7.0.0] AndroidManifest.xml:14:21-88
39        </intent>
40    </queries>
41
42    <uses-permission android:name="android.permission.ACCESS_WIFI_STATE" />
42-->[com.ruixue:rxsdk_base_ui:3.7.36-beta1] AndroidManifest.xml:11:5-76
42-->[com.ruixue:rxsdk_base_ui:3.7.36-beta1] AndroidManifest.xml:11:22-73
43    <uses-permission android:name="android.permission.ACCESS_NETWORK_STATE" />
43-->[com.ruixue:rxsdk_base_ui:3.7.36-beta1] AndroidManifest.xml:12:5-79
43-->[com.ruixue:rxsdk_base_ui:3.7.36-beta1] AndroidManifest.xml:12:22-76
44    <uses-permission android:name="com.farsitel.bazaar.permission.PAY_THROUGH_BAZAAR" />
44-->[com.ruixue:rxsdk_google:3.7.36-beta1] AndroidManifest.xml:9:5-89
44-->[com.ruixue:rxsdk_google:3.7.36-beta1] AndroidManifest.xml:9:22-86
45    <uses-permission android:name="com.android.vending.CHECK_LICENSE permission" />
45-->[com.ruixue:rxsdk_google:3.7.36-beta1] AndroidManifest.xml:10:5-84
45-->[com.ruixue:rxsdk_google:3.7.36-beta1] AndroidManifest.xml:10:22-81
46    <uses-permission android:name="android.permission.READ_EXTERNAL_STORAGE" />
46-->[com.ruixue:rxsdk_base:3.7.36-beta1] AndroidManifest.xml:13:5-80
46-->[com.ruixue:rxsdk_base:3.7.36-beta1] AndroidManifest.xml:13:22-77
47    <uses-permission android:name="com.asus.msa.SupplementaryDID.ACCESS" />
47-->[com.ruixue:rxsdk_base:3.7.36-beta1] AndroidManifest.xml:14:5-76
47-->[com.ruixue:rxsdk_base:3.7.36-beta1] AndroidManifest.xml:14:22-73
48    <uses-permission android:name="freemme.permission.msa" />
48-->[com.ruixue:rxsdk_base:3.7.36-beta1] AndroidManifest.xml:15:5-62
48-->[com.ruixue:rxsdk_base:3.7.36-beta1] AndroidManifest.xml:15:22-59
49    <uses-permission android:name="com.android.vending.BILLING" />
49-->[com.android.billingclient:billing:7.0.0] AndroidManifest.xml:10:5-67
49-->[com.android.billingclient:billing:7.0.0] AndroidManifest.xml:10:22-64
50    <uses-permission android:name="com.google.android.gms.permission.AD_ID" /> <!-- Support for Google Privacy Sandbox adservices API -->
50-->[com.google.android.gms:play-services-ads-identifier:18.1.0] AndroidManifest.xml:7:5-79
50-->[com.google.android.gms:play-services-ads-identifier:18.1.0] AndroidManifest.xml:7:22-76
51    <uses-permission android:name="android.permission.ACCESS_ADSERVICES_ATTRIBUTION" />
51-->[com.facebook.android:facebook-core:18.1.3] AndroidManifest.xml:16:5-88
51-->[com.facebook.android:facebook-core:18.1.3] AndroidManifest.xml:16:22-85
52    <uses-permission android:name="android.permission.ACCESS_ADSERVICES_AD_ID" />
52-->[com.facebook.android:facebook-core:18.1.3] AndroidManifest.xml:17:5-82
52-->[com.facebook.android:facebook-core:18.1.3] AndroidManifest.xml:17:22-79
53    <uses-permission android:name="android.permission.ACCESS_ADSERVICES_CUSTOM_AUDIENCE" />
53-->[com.facebook.android:facebook-core:18.1.3] AndroidManifest.xml:18:5-92
53-->[com.facebook.android:facebook-core:18.1.3] AndroidManifest.xml:18:22-89
54    <uses-permission android:name="android.permission.ACCESS_ADSERVICES_TOPICS" />
54-->[com.facebook.android:facebook-core:18.1.3] AndroidManifest.xml:19:5-83
54-->[com.facebook.android:facebook-core:18.1.3] AndroidManifest.xml:19:22-80
55
56    <permission
56-->[androidx.core:core:1.9.0] AndroidManifest.xml:22:5-24:47
57        android:name="com.ruixue.rxsdkdemo.overseas.DYNAMIC_RECEIVER_NOT_EXPORTED_PERMISSION"
57-->[androidx.core:core:1.9.0] AndroidManifest.xml:23:9-81
58        android:protectionLevel="signature" />
58-->[androidx.core:core:1.9.0] AndroidManifest.xml:24:9-44
59
60    <uses-permission android:name="com.ruixue.rxsdkdemo.overseas.DYNAMIC_RECEIVER_NOT_EXPORTED_PERMISSION" />
60-->[androidx.core:core:1.9.0] AndroidManifest.xml:26:5-97
60-->[androidx.core:core:1.9.0] AndroidManifest.xml:26:22-94
61    <uses-permission android:name="com.google.android.finsky.permission.BIND_GET_INSTALL_REFERRER_SERVICE" />
61-->[com.android.installreferrer:installreferrer:1.0] AndroidManifest.xml:9:5-110
61-->[com.android.installreferrer:installreferrer:1.0] AndroidManifest.xml:9:22-107
62
63    <application
63-->src/main/AndroidManifest.xml:12:5-47:19
64        android:name="com.ruixue.rxsdkdemo.overseas.DemoApplication"
64-->src/main/AndroidManifest.xml:13:9-40
65        android:allowBackup="true"
65-->src/main/AndroidManifest.xml:14:9-35
66        android:appComponentFactory="androidx.core.app.CoreComponentFactory"
66-->[androidx.core:core:1.9.0] AndroidManifest.xml:28:18-86
67        android:debuggable="true"
68        android:icon="@mipmap/ic_launcher"
68-->src/main/AndroidManifest.xml:15:9-43
69        android:label="@string/app_name"
69-->src/main/AndroidManifest.xml:16:9-41
70        android:requestLegacyExternalStorage="true"
70-->[com.ruixue:rxsdk_base:3.7.36-beta1] AndroidManifest.xml:43:9-52
71        android:roundIcon="@mipmap/ic_launcher"
71-->src/main/AndroidManifest.xml:17:9-48
72        android:supportsRtl="true"
72-->src/main/AndroidManifest.xml:18:9-35
73        android:theme="@style/Theme.RXSDKDemo"
73-->src/main/AndroidManifest.xml:19:9-47
74        android:usesCleartextTraffic="true" >
74-->[com.ruixue:rxsdk_base:3.7.36-beta1] AndroidManifest.xml:44:9-44
75        <activity
75-->src/main/AndroidManifest.xml:22:9-30:20
76            android:name="com.ruixue.rxsdkdemo.overseas.MainActivity"
76-->src/main/AndroidManifest.xml:23:13-41
77            android:exported="true"
77-->src/main/AndroidManifest.xml:24:13-36
78            android:theme="@style/Theme.RXSDKDemo" >
78-->src/main/AndroidManifest.xml:25:13-51
79            <intent-filter>
79-->src/main/AndroidManifest.xml:26:13-29:29
80                <action android:name="android.intent.action.MAIN" />
80-->src/main/AndroidManifest.xml:27:17-69
80-->src/main/AndroidManifest.xml:27:25-66
81
82                <category android:name="android.intent.category.LAUNCHER" />
82-->src/main/AndroidManifest.xml:28:17-77
82-->src/main/AndroidManifest.xml:28:27-74
83            </intent-filter>
84        </activity>
85        <activity
85-->src/main/AndroidManifest.xml:32:9-35:54
86            android:name="com.ruixue.rxsdkdemo.overseas.ServicesActivity"
86-->src/main/AndroidManifest.xml:33:13-45
87            android:exported="false"
87-->src/main/AndroidManifest.xml:34:13-37
88            android:theme="@style/Theme.RXSDKDemo" />
88-->src/main/AndroidManifest.xml:35:13-51
89        <activity
89-->src/main/AndroidManifest.xml:37:9-40:54
90            android:name="com.ruixue.rxsdkdemo.overseas.LoginActivity"
90-->src/main/AndroidManifest.xml:38:13-42
91            android:exported="false"
91-->src/main/AndroidManifest.xml:39:13-37
92            android:theme="@style/Theme.RXSDKDemo" />
92-->src/main/AndroidManifest.xml:40:13-51
93        <activity
93-->src/main/AndroidManifest.xml:42:9-45:54
94            android:name="com.ruixue.rxsdkdemo.overseas.WebViewActivity"
94-->src/main/AndroidManifest.xml:43:13-44
95            android:exported="false"
95-->src/main/AndroidManifest.xml:44:13-37
96            android:theme="@style/Theme.RXSDKDemo" />
96-->src/main/AndroidManifest.xml:45:13-51
97        <activity
97-->[com.ruixue:rxsdk_base_ui:3.7.36-beta1] AndroidManifest.xml:15:9-21:72
98            android:name="com.ruixue.realauth.IdCardKeyboardActivity"
98-->[com.ruixue:rxsdk_base_ui:3.7.36-beta1] AndroidManifest.xml:16:13-70
99            android:excludeFromRecents="true"
99-->[com.ruixue:rxsdk_base_ui:3.7.36-beta1] AndroidManifest.xml:17:13-46
100            android:exported="false"
100-->[com.ruixue:rxsdk_base_ui:3.7.36-beta1] AndroidManifest.xml:18:13-37
101            android:launchMode="singleTop"
101-->[com.ruixue:rxsdk_base_ui:3.7.36-beta1] AndroidManifest.xml:19:13-43
102            android:taskAffinity=""
102-->[com.ruixue:rxsdk_base_ui:3.7.36-beta1] AndroidManifest.xml:20:13-36
103            android:theme="@style/RuiXueIdCardKeyboardActivityTheme" />
103-->[com.ruixue:rxsdk_base_ui:3.7.36-beta1] AndroidManifest.xml:21:13-69
104
105        <meta-data
105-->[com.ruixue:rxsdk_facebook:3.7.36-beta1] AndroidManifest.xml:21:9-23:74
106            android:name="RX_PLUGIN_FACEBOOK"
106-->[com.ruixue:rxsdk_facebook:3.7.36-beta1] AndroidManifest.xml:22:13-46
107            android:value="com.ruixue.sdk.facebook.FacebookSdkWrapper" />
107-->[com.ruixue:rxsdk_facebook:3.7.36-beta1] AndroidManifest.xml:23:13-71
108
109        <provider
109-->[com.ruixue:rxsdk_facebook:3.7.36-beta1] AndroidManifest.xml:25:9-29:54
110            android:name="com.facebook.FacebookContentProvider"
110-->[com.ruixue:rxsdk_facebook:3.7.36-beta1] AndroidManifest.xml:26:13-64
111            android:authorities="com.facebook.app.FacebookContentProvider7472805502731255"
111-->[com.ruixue:rxsdk_facebook:3.7.36-beta1] AndroidManifest.xml:27:13-93
112            android:exported="true" />
112-->[com.ruixue:rxsdk_facebook:3.7.36-beta1] AndroidManifest.xml:28:13-36
113
114        <activity
114-->[com.ruixue:rxsdk_facebook:3.7.36-beta1] AndroidManifest.xml:31:9-34:48
115            android:name="com.facebook.FacebookActivity"
115-->[com.ruixue:rxsdk_facebook:3.7.36-beta1] AndroidManifest.xml:32:13-57
116            android:configChanges="keyboard|keyboardHidden|screenLayout|screenSize|orientation"
116-->[com.ruixue:rxsdk_facebook:3.7.36-beta1] AndroidManifest.xml:33:13-96
117            android:label="@string/app_name"
117-->[com.ruixue:rxsdk_facebook:3.7.36-beta1] AndroidManifest.xml:34:13-45
118            android:theme="@style/com_facebook_activity_theme" />
118-->[com.facebook.android:facebook-common:18.1.3] AndroidManifest.xml:23:13-63
119        <activity
119-->[com.ruixue:rxsdk_facebook:3.7.36-beta1] AndroidManifest.xml:35:9-46:20
120            android:name="com.facebook.CustomTabActivity"
120-->[com.ruixue:rxsdk_facebook:3.7.36-beta1] AndroidManifest.xml:36:13-58
121            android:exported="true" >
121-->[com.ruixue:rxsdk_facebook:3.7.36-beta1] AndroidManifest.xml:37:13-36
122            <intent-filter>
122-->[com.ruixue:rxsdk_facebook:3.7.36-beta1] AndroidManifest.xml:38:13-45:29
123                <action android:name="android.intent.action.VIEW" />
123-->[com.ruixue:rxsdk_facebook:3.7.36-beta1] AndroidManifest.xml:39:17-69
123-->[com.ruixue:rxsdk_facebook:3.7.36-beta1] AndroidManifest.xml:39:25-66
124
125                <category android:name="android.intent.category.DEFAULT" />
125-->[com.ruixue:rxsdk_facebook:3.7.36-beta1] AndroidManifest.xml:41:17-76
125-->[com.ruixue:rxsdk_facebook:3.7.36-beta1] AndroidManifest.xml:41:27-73
126                <category android:name="android.intent.category.BROWSABLE" />
126-->[com.ruixue:rxsdk_facebook:3.7.36-beta1] AndroidManifest.xml:42:17-78
126-->[com.ruixue:rxsdk_facebook:3.7.36-beta1] AndroidManifest.xml:42:27-75
127
128                <data android:scheme="fb7472805502731255" />
128-->[com.ruixue:rxsdk_facebook:3.7.36-beta1] AndroidManifest.xml:44:17-63
128-->[com.ruixue:rxsdk_facebook:3.7.36-beta1] AndroidManifest.xml:44:23-60
129            </intent-filter>
130            <intent-filter>
130-->[com.facebook.android:facebook-common:18.1.3] AndroidManifest.xml:29:13-38:29
131                <action android:name="android.intent.action.VIEW" />
131-->[com.ruixue:rxsdk_facebook:3.7.36-beta1] AndroidManifest.xml:39:17-69
131-->[com.ruixue:rxsdk_facebook:3.7.36-beta1] AndroidManifest.xml:39:25-66
132
133                <category android:name="android.intent.category.DEFAULT" />
133-->[com.ruixue:rxsdk_facebook:3.7.36-beta1] AndroidManifest.xml:41:17-76
133-->[com.ruixue:rxsdk_facebook:3.7.36-beta1] AndroidManifest.xml:41:27-73
134                <category android:name="android.intent.category.BROWSABLE" />
134-->[com.ruixue:rxsdk_facebook:3.7.36-beta1] AndroidManifest.xml:42:17-78
134-->[com.ruixue:rxsdk_facebook:3.7.36-beta1] AndroidManifest.xml:42:27-75
135
136                <data
136-->[com.ruixue:rxsdk_facebook:3.7.36-beta1] AndroidManifest.xml:44:17-63
137                    android:host="cct.com.ruixue.rxsdkdemo.overseas"
138                    android:scheme="fbconnect" />
138-->[com.ruixue:rxsdk_facebook:3.7.36-beta1] AndroidManifest.xml:44:23-60
139            </intent-filter>
140        </activity>
141        <activity android:name="com.facebook.CustomTabMainActivity" />
141-->[com.facebook.android:facebook-common:18.1.3] AndroidManifest.xml:24:9-71
141-->[com.facebook.android:facebook-common:18.1.3] AndroidManifest.xml:24:19-68
142
143        <meta-data
143-->[com.ruixue:rxsdk_google:3.7.36-beta1] AndroidManifest.xml:13:9-15:70
144            android:name="RX_PLUGIN_GOOGLE"
144-->[com.ruixue:rxsdk_google:3.7.36-beta1] AndroidManifest.xml:14:13-44
145            android:value="com.ruixue.sdk.google.GoogleSdkWrapper" /> <!-- 表示当前项目已经适配了分区存储特性 -->
145-->[com.ruixue:rxsdk_google:3.7.36-beta1] AndroidManifest.xml:15:13-67
146        <meta-data
146-->[com.ruixue:rxsdk_base:3.7.36-beta1] AndroidManifest.xml:48:9-50:36
147            android:name="ScopedStorage"
147-->[com.ruixue:rxsdk_base:3.7.36-beta1] AndroidManifest.xml:49:13-41
148            android:value="true" />
148-->[com.ruixue:rxsdk_base:3.7.36-beta1] AndroidManifest.xml:50:13-33
149
150        <activity
150-->[com.ruixue:rxsdk_base:3.7.36-beta1] AndroidManifest.xml:52:9-57:75
151            android:name="com.ruixue.callback.RXEntryActivity"
151-->[com.ruixue:rxsdk_base:3.7.36-beta1] AndroidManifest.xml:53:13-63
152            android:enabled="true"
152-->[com.ruixue:rxsdk_base:3.7.36-beta1] AndroidManifest.xml:54:13-35
153            android:exported="true"
153-->[com.ruixue:rxsdk_base:3.7.36-beta1] AndroidManifest.xml:55:13-36
154            android:launchMode="singleTask"
154-->[com.ruixue:rxsdk_base:3.7.36-beta1] AndroidManifest.xml:56:13-44
155            android:theme="@android:style/Theme.Translucent.NoTitleBar" />
155-->[com.ruixue:rxsdk_base:3.7.36-beta1] AndroidManifest.xml:57:13-72
156
157        <provider
157-->[com.ruixue:rxsdk_base:3.7.36-beta1] AndroidManifest.xml:59:9-67:20
158            android:name="com.ruixue.internal.RXFileProvider"
158-->[com.ruixue:rxsdk_base:3.7.36-beta1] AndroidManifest.xml:60:13-62
159            android:authorities="com.ruixue.rxsdkdemo.overseas.rxfileprovider"
159-->[com.ruixue:rxsdk_base:3.7.36-beta1] AndroidManifest.xml:61:13-66
160            android:exported="false"
160-->[com.ruixue:rxsdk_base:3.7.36-beta1] AndroidManifest.xml:62:13-37
161            android:grantUriPermissions="true" >
161-->[com.ruixue:rxsdk_base:3.7.36-beta1] AndroidManifest.xml:63:13-47
162            <meta-data
162-->[com.ruixue:rxsdk_base:3.7.36-beta1] AndroidManifest.xml:64:13-66:66
163                android:name="android.support.FILE_PROVIDER_PATHS"
163-->[com.ruixue:rxsdk_base:3.7.36-beta1] AndroidManifest.xml:65:17-67
164                android:resource="@xml/rx_file_provider_paths" />
164-->[com.ruixue:rxsdk_base:3.7.36-beta1] AndroidManifest.xml:66:17-63
165        </provider>
166
167        <meta-data
167-->[com.android.billingclient:billing:7.0.0] AndroidManifest.xml:19:9-21:37
168            android:name="com.google.android.play.billingclient.version"
168-->[com.android.billingclient:billing:7.0.0] AndroidManifest.xml:20:13-73
169            android:value="7.0.0" />
169-->[com.android.billingclient:billing:7.0.0] AndroidManifest.xml:21:13-34
170
171        <activity
171-->[com.android.billingclient:billing:7.0.0] AndroidManifest.xml:23:9-27:75
172            android:name="com.android.billingclient.api.ProxyBillingActivity"
172-->[com.android.billingclient:billing:7.0.0] AndroidManifest.xml:24:13-78
173            android:configChanges="keyboard|keyboardHidden|screenLayout|screenSize|orientation"
173-->[com.android.billingclient:billing:7.0.0] AndroidManifest.xml:25:13-96
174            android:exported="false"
174-->[com.android.billingclient:billing:7.0.0] AndroidManifest.xml:26:13-37
175            android:theme="@android:style/Theme.Translucent.NoTitleBar" />
175-->[com.android.billingclient:billing:7.0.0] AndroidManifest.xml:27:13-72
176        <activity
176-->[com.android.billingclient:billing:7.0.0] AndroidManifest.xml:28:9-32:75
177            android:name="com.android.billingclient.api.ProxyBillingActivityV2"
177-->[com.android.billingclient:billing:7.0.0] AndroidManifest.xml:29:13-80
178            android:configChanges="keyboard|keyboardHidden|screenLayout|screenSize|orientation"
178-->[com.android.billingclient:billing:7.0.0] AndroidManifest.xml:30:13-96
179            android:exported="false"
179-->[com.android.billingclient:billing:7.0.0] AndroidManifest.xml:31:13-37
180            android:theme="@android:style/Theme.Translucent.NoTitleBar" />
180-->[com.android.billingclient:billing:7.0.0] AndroidManifest.xml:32:13-72
181
182        <service
182-->[androidx.credentials:credentials-play-services-auth:1.3.0] AndroidManifest.xml:24:9-32:19
183            android:name="androidx.credentials.playservices.CredentialProviderMetadataHolder"
183-->[androidx.credentials:credentials-play-services-auth:1.3.0] AndroidManifest.xml:25:13-94
184            android:enabled="true"
184-->[androidx.credentials:credentials-play-services-auth:1.3.0] AndroidManifest.xml:26:13-35
185            android:exported="false" >
185-->[androidx.credentials:credentials-play-services-auth:1.3.0] AndroidManifest.xml:27:13-37
186            <meta-data
186-->[androidx.credentials:credentials-play-services-auth:1.3.0] AndroidManifest.xml:29:13-31:104
187                android:name="androidx.credentials.CREDENTIAL_PROVIDER_KEY"
187-->[androidx.credentials:credentials-play-services-auth:1.3.0] AndroidManifest.xml:30:17-76
188                android:value="androidx.credentials.playservices.CredentialProviderPlayServicesImpl" />
188-->[androidx.credentials:credentials-play-services-auth:1.3.0] AndroidManifest.xml:31:17-101
189        </service>
190
191        <activity
191-->[androidx.credentials:credentials-play-services-auth:1.3.0] AndroidManifest.xml:34:9-41:20
192            android:name="androidx.credentials.playservices.HiddenActivity"
192-->[androidx.credentials:credentials-play-services-auth:1.3.0] AndroidManifest.xml:35:13-76
193            android:configChanges="orientation|screenSize|screenLayout|keyboardHidden"
193-->[androidx.credentials:credentials-play-services-auth:1.3.0] AndroidManifest.xml:36:13-87
194            android:enabled="true"
194-->[androidx.credentials:credentials-play-services-auth:1.3.0] AndroidManifest.xml:37:13-35
195            android:exported="false"
195-->[androidx.credentials:credentials-play-services-auth:1.3.0] AndroidManifest.xml:38:13-37
196            android:fitsSystemWindows="true"
196-->[androidx.credentials:credentials-play-services-auth:1.3.0] AndroidManifest.xml:39:13-45
197            android:theme="@style/Theme.Hidden" >
197-->[androidx.credentials:credentials-play-services-auth:1.3.0] AndroidManifest.xml:40:13-48
198        </activity>
199        <activity
199-->[com.google.android.gms:play-services-auth:21.2.0] AndroidManifest.xml:23:9-27:75
200            android:name="com.google.android.gms.auth.api.signin.internal.SignInHubActivity"
200-->[com.google.android.gms:play-services-auth:21.2.0] AndroidManifest.xml:24:13-93
201            android:excludeFromRecents="true"
201-->[com.google.android.gms:play-services-auth:21.2.0] AndroidManifest.xml:25:13-46
202            android:exported="false"
202-->[com.google.android.gms:play-services-auth:21.2.0] AndroidManifest.xml:26:13-37
203            android:theme="@android:style/Theme.Translucent.NoTitleBar" />
203-->[com.google.android.gms:play-services-auth:21.2.0] AndroidManifest.xml:27:13-72
204        <!--
205            Service handling Google Sign-In user revocation. For apps that do not integrate with
206            Google Sign-In, this service will never be started.
207        -->
208        <service
208-->[com.google.android.gms:play-services-auth:21.2.0] AndroidManifest.xml:33:9-37:51
209            android:name="com.google.android.gms.auth.api.signin.RevocationBoundService"
209-->[com.google.android.gms:play-services-auth:21.2.0] AndroidManifest.xml:34:13-89
210            android:exported="true"
210-->[com.google.android.gms:play-services-auth:21.2.0] AndroidManifest.xml:35:13-36
211            android:permission="com.google.android.gms.auth.api.signin.permission.REVOCATION_NOTIFICATION"
211-->[com.google.android.gms:play-services-auth:21.2.0] AndroidManifest.xml:36:13-107
212            android:visibleToInstantApps="true" />
212-->[com.google.android.gms:play-services-auth:21.2.0] AndroidManifest.xml:37:13-48
213
214        <activity
214-->[com.google.android.gms:play-services-base:18.3.0] AndroidManifest.xml:20:9-22:45
215            android:name="com.google.android.gms.common.api.GoogleApiActivity"
215-->[com.google.android.gms:play-services-base:18.3.0] AndroidManifest.xml:20:19-85
216            android:exported="false"
216-->[com.google.android.gms:play-services-base:18.3.0] AndroidManifest.xml:22:19-43
217            android:theme="@android:style/Theme.Translucent.NoTitleBar" />
217-->[com.google.android.gms:play-services-base:18.3.0] AndroidManifest.xml:21:19-78
218
219        <meta-data
219-->[com.google.android.gms:play-services-basement:18.4.0] AndroidManifest.xml:6:9-122
220            android:name="com.google.android.gms.version"
220-->[com.google.android.gms:play-services-basement:18.4.0] AndroidManifest.xml:6:20-65
221            android:value="@integer/google_play_services_version" />
221-->[com.google.android.gms:play-services-basement:18.4.0] AndroidManifest.xml:6:66-119
222
223        <provider
223-->[androidx.emoji2:emoji2:1.2.0] AndroidManifest.xml:24:9-32:20
224            android:name="androidx.startup.InitializationProvider"
224-->[androidx.emoji2:emoji2:1.2.0] AndroidManifest.xml:25:13-67
225            android:authorities="com.ruixue.rxsdkdemo.overseas.androidx-startup"
225-->[androidx.emoji2:emoji2:1.2.0] AndroidManifest.xml:26:13-68
226            android:exported="false" >
226-->[androidx.emoji2:emoji2:1.2.0] AndroidManifest.xml:27:13-37
227            <meta-data
227-->[androidx.emoji2:emoji2:1.2.0] AndroidManifest.xml:29:13-31:52
228                android:name="androidx.emoji2.text.EmojiCompatInitializer"
228-->[androidx.emoji2:emoji2:1.2.0] AndroidManifest.xml:30:17-75
229                android:value="androidx.startup" />
229-->[androidx.emoji2:emoji2:1.2.0] AndroidManifest.xml:31:17-49
230            <meta-data
230-->[androidx.lifecycle:lifecycle-process:2.4.1] AndroidManifest.xml:31:13-33:52
231                android:name="androidx.lifecycle.ProcessLifecycleInitializer"
231-->[androidx.lifecycle:lifecycle-process:2.4.1] AndroidManifest.xml:32:17-78
232                android:value="androidx.startup" />
232-->[androidx.lifecycle:lifecycle-process:2.4.1] AndroidManifest.xml:33:17-49
233        </provider>
234        <!--
235         The initialization ContentProvider will call FacebookSdk.sdkInitialize automatically
236         with the application context. This config is merged in with the host app's manifest,
237         but there can only be one provider with the same authority activated at any given
238         point; so if the end user has two or more different apps that use Facebook SDK, only the
239         first one will be able to use the provider. To work around this problem, we use the
240         following placeholder in the authority to identify each host application as if it was
241         a completely different provider.
242        -->
243        <provider
243-->[com.facebook.android:facebook-core:18.1.3] AndroidManifest.xml:32:9-35:40
244            android:name="com.facebook.internal.FacebookInitProvider"
244-->[com.facebook.android:facebook-core:18.1.3] AndroidManifest.xml:33:13-70
245            android:authorities="com.ruixue.rxsdkdemo.overseas.FacebookInitProvider"
245-->[com.facebook.android:facebook-core:18.1.3] AndroidManifest.xml:34:13-72
246            android:exported="false" />
246-->[com.facebook.android:facebook-core:18.1.3] AndroidManifest.xml:35:13-37
247
248        <receiver
248-->[com.facebook.android:facebook-core:18.1.3] AndroidManifest.xml:37:9-43:20
249            android:name="com.facebook.CurrentAccessTokenExpirationBroadcastReceiver"
249-->[com.facebook.android:facebook-core:18.1.3] AndroidManifest.xml:38:13-86
250            android:exported="false" >
250-->[com.facebook.android:facebook-core:18.1.3] AndroidManifest.xml:39:13-37
251            <intent-filter>
251-->[com.facebook.android:facebook-core:18.1.3] AndroidManifest.xml:40:13-42:29
252                <action android:name="com.facebook.sdk.ACTION_CURRENT_ACCESS_TOKEN_CHANGED" />
252-->[com.facebook.android:facebook-core:18.1.3] AndroidManifest.xml:41:17-95
252-->[com.facebook.android:facebook-core:18.1.3] AndroidManifest.xml:41:25-92
253            </intent-filter>
254        </receiver>
255        <receiver